Using pre-set license
Built from '2021.1/staging' branch; Version is '2021.1.18f1 (25bdc3efbc2d) revision 2473411'; Using compiler version '192528614'; Build Type 'Release'
OS: 'Windows 10 Education; OS build 19042.1348; Version 2009; 64bit' Language: 'en' Physical Memory: 8024 MB
BatchMode: 1, IsHumanControllingUs: 0, StartBugReporterOnCrash: 0, Is64bit: 1, IsPro: 0

COMMAND LINE ARGUMENTS:
C:\Program Files\Unity\Hub\Editor\2021.1.18f1\Editor\Unity.exe
-adb2
-batchMode
-noUpm
-name
AssetImportWorker0
-projectPath
C:/temp/Harry Unity Projects/student-unity-project
-logFile
Logs/AssetImportWorker0.log
-srvPort
53815
Successfully changed project path to: C:/temp/Harry Unity Projects/student-unity-project
C:/temp/Harry Unity Projects/student-unity-project
Using Asset Import Pipeline V2.
Refreshing native plugins compatible for Editor in 50.05 ms, found 2 plugins.
Preloading 0 native plugins for Editor in 0.00 ms.
Initialize engine version: 2021.1.18f1 (25bdc3efbc2d)
[Subsystems] Discovering subsystems at path C:/Program Files/Unity/Hub/Editor/2021.1.18f1/Editor/Data/Resources/UnitySubsystems
[Subsystems] Discovering subsystems at path C:/temp/Harry Unity Projects/student-unity-project/Assets
GfxDevice: creating device client; threaded=0; jobified=0
Direct3D:
    Version:  Direct3D 11.0 [level 11.1]
    Renderer: Intel(R) UHD Graphics 630 (ID=0x3e91)
    Vendor:   Intel
    VRAM:     4012 MB
    Driver:   27.20.100.9415
Initialize mono
Mono path[0] = 'C:/Program Files/Unity/Hub/Editor/2021.1.18f1/Editor/Data/Managed'
Mono path[1] = 'C:/Program Files/Unity/Hub/Editor/2021.1.18f1/Editor/Data/MonoBleedingEdge/lib/mono/unityjit'
Mono config path = 'C:/Program Files/Unity/Hub/Editor/2021.1.18f1/Editor/Data/MonoBleedingEdge/etc'
Using monoOptions --debugger-agent=transport=dt_socket,embedding=1,server=y,suspend=n,address=127.0.0.1:56704
Begin MonoManager ReloadAssembly
Registering precompiled unity dll's ...
Register platform support module: C:/Program Files/Unity/Hub/Editor/2021.1.18f1/Editor/Data/PlaybackEngines/WindowsStandaloneSupport/UnityEditor.WindowsStandalone.Extensions.dll
Registered in 0.002343 seconds.
Native extension for WindowsStandalone target not found
Refreshing native plugins compatible for Editor in 40.74 ms, found 2 plugins.
Preloading 0 native plugins for Editor in 0.00 ms.
Mono: successfully reloaded assembly
- Completed reload, in  2.150 seconds
Domain Reload Profiling:
	ReloadAssembly (2150ms)
		BeginReloadAssembly (83ms)
			ExecutionOrderSort (0ms)
			DisableScriptedObjects (0ms)
			BackupInstance (0ms)
			ReleaseScriptingObjects (0ms)
			CreateAndSetChildDomain (1ms)
		EndReloadAssembly (524ms)
			LoadAssemblies (81ms)
			RebuildTransferFunctionScriptingTraits (0ms)
			SetupTypeCache (211ms)
			ReleaseScriptCaches (0ms)
			RebuildScriptCaches (38ms)
			SetupLoadedEditorAssemblies (215ms)
				LogAssemblyErrors (0ms)
				InitializePlatformSupportModulesInManaged (7ms)
				SetLoadedEditorAssemblies (0ms)
				RefreshPlugins (41ms)
				BeforeProcessingInitializeOnLoad (2ms)
				ProcessInitializeOnLoadAttributes (128ms)
				ProcessInitializeOnLoadMethodAttributes (37ms)
				AfterProcessingInitializeOnLoad (0ms)
				EditorAssembliesLoaded (0ms)
			ExecutionOrderSort2 (0ms)
			AwakeInstancesAfterBackupRestoration (0ms)
Platform modules already initialized, skipping
Registering precompiled user dll's ...
Registered in 0.004892 seconds.
Begin MonoManager ReloadAssembly
Native extension for WindowsStandalone target not found
Refreshing native plugins compatible for Editor in 0.32 ms, found 2 plugins.
Preloading 0 native plugins for Editor in 0.00 ms.
Mono: successfully reloaded assembly
- Completed reload, in  1.378 seconds
Domain Reload Profiling:
	ReloadAssembly (1379ms)
		BeginReloadAssembly (207ms)
			ExecutionOrderSort (0ms)
			DisableScriptedObjects (6ms)
			BackupInstance (0ms)
			ReleaseScriptingObjects (0ms)
			CreateAndSetChildDomain (22ms)
		EndReloadAssembly (1095ms)
			LoadAssemblies (137ms)
			RebuildTransferFunctionScriptingTraits (0ms)
			SetupTypeCache (357ms)
			ReleaseScriptCaches (0ms)
			RebuildScriptCaches (62ms)
			SetupLoadedEditorAssemblies (439ms)
				LogAssemblyErrors (0ms)
				InitializePlatformSupportModulesInManaged (6ms)
				SetLoadedEditorAssemblies (1ms)
				RefreshPlugins (0ms)
				BeforeProcessingInitializeOnLoad (58ms)
				ProcessInitializeOnLoadAttributes (360ms)
				ProcessInitializeOnLoadMethodAttributes (7ms)
				AfterProcessingInitializeOnLoad (8ms)
				EditorAssembliesLoaded (0ms)
			ExecutionOrderSort2 (0ms)
			AwakeInstancesAfterBackupRestoration (8ms)
Platform modules already initialized, skipping
========================================================================
Worker process is ready to serve import requests
Launched and connected shader compiler UnityShaderCompiler.exe after 0.10 seconds
Refreshing native plugins compatible for Editor in 0.63 ms, found 2 plugins.
Preloading 0 native plugins for Editor in 0.00 ms.
Unloading 1408 Unused Serialized files (Serialized files now loaded: 0)
System memory in use before: 65.9 MB.
System memory in use after: 66.0 MB.

Unloading 18 unused Assets to reduce memory usage. Loaded Objects now: 1854.
Total: 3.659000 ms (FindLiveObjects: 0.168500 ms CreateObjectMapping: 0.062500 ms MarkObjects: 3.353700 ms  DeleteObjects: 0.072600 ms)

AssetImportParameters requested are different than current active one (requested -> active):
  custom:framework-win-MediaFoundation: 216162199b28c13a410421893ffa2e32 -> 
  custom:video-decoder-ogg-theora: a1e56fd34408186e4bbccfd4996cb3dc -> 
  custom:container-muxer-webm: aa71ff27fc2769a1b78a27578f13a17b -> 
  custom:container-demuxer-webm: 4f35f7cbe854078d1ac9338744f61a02 -> 
  custom:container-demuxer-ogg: 62fdf1f143b41e24485cea50d1cbac27 -> 
  custom:video-encoder-webm-vp8: eb34c28f22e8b96e1ab97ce403110664 -> 
  custom:video-decoder-webm-vp8: 9c59270c3fd7afecdb556c50c9e8de78 -> 
  custom:audio-decoder-ogg-vorbis: bf7c407c2cedff20999df2af8eb42d56 -> 
  custom:audio-encoder-webm-vorbis: bf7c407c2cedff20999df2af8eb42d56 -> 
========================================================================
Received Import Request.
  path: Assets/Nature pack/Tent_01.obj
  artifactKey: Guid(81c2110c750f1dd4ca8279451a4c9795) Importer(815301076,1909f56bfc062723c751e8b465ee728b)
Start importing Assets/Nature pack/Tent_01.obj using Guid(81c2110c750f1dd4ca8279451a4c9795) Importer(815301076,1909f56bfc062723c751e8b465ee728b)  -> (artifact id: 'c93f16939ea9d710c152366b21e9b4ca') in 0.592296 seconds 
========================================================================
Received Import Request.
  Time since last request: 0.000293 seconds.
  path: Assets/Nature pack
  artifactKey: Guid(91ea996456c48114fa52705ed43a6583) Importer(815301076,1909f56bfc062723c751e8b465ee728b)
Start importing Assets/Nature pack using Guid(91ea996456c48114fa52705ed43a6583) Importer(815301076,1909f56bfc062723c751e8b465ee728b)  -> (artifact id: '212180641bddc5d592dcc32b151f4fca') in 0.015119 seconds 
========================================================================
Received Import Request.
  Time since last request: 0.000361 seconds.
  path: Assets
  artifactKey: Guid(00000000000000001000000000000000) Importer(815301076,1909f56bfc062723c751e8b465ee728b)
Start importing Assets using Guid(00000000000000001000000000000000) Importer(815301076,1909f56bfc062723c751e8b465ee728b)  -> (artifact id: '42d402b061de3733987d63b9cc3b64de') in 0.015252 seconds 
========================================================================
Received Import Request.
  Time since last request: 0.000351 seconds.
  path: Assets/Nature pack/Flower_Tall_Red_01.obj
  artifactKey: Guid(5937dc268652f4e4c93aaf801b019bcb) Importer(815301076,1909f56bfc062723c751e8b465ee728b)
Start importing Assets/Nature pack/Flower_Tall_Red_01.obj using Guid(5937dc268652f4e4c93aaf801b019bcb) Importer(815301076,1909f56bfc062723c751e8b465ee728b)  -> (artifact id: '288d4e66b9a0872046c4c6df684e5c16') in 0.084038 seconds 
========================================================================
Received Import Request.
  Time since last request: 0.000227 seconds.
  path: Assets/Nature pack/Rock_2_01.obj
  artifactKey: Guid(aca4e62c1c09194449d9b818677c504b) Importer(815301076,1909f56bfc062723c751e8b465ee728b)
Start importing Assets/Nature pack/Rock_2_01.obj using Guid(aca4e62c1c09194449d9b818677c504b) Importer(815301076,1909f56bfc062723c751e8b465ee728b)  -> (artifact id: '90fb08c5ba150c5abce0538854f27973') in 0.037854 seconds 
========================================================================
Received Import Request.
  Time since last request: 0.000160 seconds.
  path: Assets/Nature pack/Mushroom_Red_01.obj
  artifactKey: Guid(aa68c65a106acd349ba82b8d440a111f) Importer(815301076,1909f56bfc062723c751e8b465ee728b)
Start importing Assets/Nature pack/Mushroom_Red_01.obj using Guid(aa68c65a106acd349ba82b8d440a111f) Importer(815301076,1909f56bfc062723c751e8b465ee728b)  -> (artifact id: 'ae7be66c7330f8f63f57660426fa2174') in 0.035357 seconds 
========================================================================
Received Import Request.
  Time since last request: 0.000183 seconds.
  path: Assets/Nature pack/Tent_Poles_01.obj
  artifactKey: Guid(0ee56959656c9fc4681e95f9d29c36a3) Importer(815301076,1909f56bfc062723c751e8b465ee728b)
Start importing Assets/Nature pack/Tent_Poles_01.obj using Guid(0ee56959656c9fc4681e95f9d29c36a3) Importer(815301076,1909f56bfc062723c751e8b465ee728b)  -> (artifact id: '408703021e5b5b482b8352a6d16b647e') in 0.037135 seconds 
========================================================================
Received Import Request.
  Time since last request: 0.000381 seconds.
  path: Assets/Nature pack/Trunk_02.obj
  artifactKey: Guid(2335fbbcc043abd4a8a450acb19179c1) Importer(815301076,1909f56bfc062723c751e8b465ee728b)
Start importing Assets/Nature pack/Trunk_02.obj using Guid(2335fbbcc043abd4a8a450acb19179c1) Importer(815301076,1909f56bfc062723c751e8b465ee728b)  -> (artifact id: 'ff0efd4b6c316cd3274f0099718ec23e') in 0.038745 seconds 
========================================================================
Received Import Request.
  Time since last request: 0.000212 seconds.
  path: Assets/Nature pack/Rock_1_01.obj
  artifactKey: Guid(7c77c455beaeee649bd54f8df5f3af77) Importer(815301076,1909f56bfc062723c751e8b465ee728b)
Start importing Assets/Nature pack/Rock_1_01.obj using Guid(7c77c455beaeee649bd54f8df5f3af77) Importer(815301076,1909f56bfc062723c751e8b465ee728b)  -> (artifact id: 'a66dc08bdc3a686341118ff572259f8a') in 0.033880 seconds 
========================================================================
Received Import Request.
  Time since last request: 0.000767 seconds.
  path: Assets/Nature pack/Flower_Yellow_02.obj
  artifactKey: Guid(e2bd5e1bf33c3c04bac1f97e25a03efc) Importer(815301076,1909f56bfc062723c751e8b465ee728b)
Start importing Assets/Nature pack/Flower_Yellow_02.obj using Guid(e2bd5e1bf33c3c04bac1f97e25a03efc) Importer(815301076,1909f56bfc062723c751e8b465ee728b)  -> (artifact id: 'cc42fd6c81626e3c5ee59e43ba7fd9e2') in 0.071814 seconds 
========================================================================
Received Import Request.
  Time since last request: 0.000167 seconds.
  path: Assets/Nature pack/Oak_Fall_01.obj
  artifactKey: Guid(d2c6f717a38507b4e82bee81300fd057) Importer(815301076,1909f56bfc062723c751e8b465ee728b)
Start importing Assets/Nature pack/Oak_Fall_01.obj using Guid(d2c6f717a38507b4e82bee81300fd057) Importer(815301076,1909f56bfc062723c751e8b465ee728b)  -> (artifact id: '20e9fbb257bec181333e4b06901bcb82') in 0.041127 seconds 
========================================================================
Received Import Request.
  Time since last request: 0.000458 seconds.
  path: Assets/Nature pack/Mushroom_Tall_01.obj
  artifactKey: Guid(1399c41d542b88e49ab34a5181e1a69f) Importer(815301076,1909f56bfc062723c751e8b465ee728b)
Start importing Assets/Nature pack/Mushroom_Tall_01.obj using Guid(1399c41d542b88e49ab34a5181e1a69f) Importer(815301076,1909f56bfc062723c751e8b465ee728b)  -> (artifact id: '52e6480759bde0c9d9dce6f1bc5d7035') in 0.041218 seconds 
========================================================================
Received Import Request.
  Time since last request: 0.000168 seconds.
  path: Assets/Character Models
  artifactKey: Guid(ff2ab90930bfa7d47b39ff9efa45c251) Importer(815301076,1909f56bfc062723c751e8b465ee728b)
Start importing Assets/Character Models using Guid(ff2ab90930bfa7d47b39ff9efa45c251) Importer(815301076,1909f56bfc062723c751e8b465ee728b)  -> (artifact id: '5792993baa33c2954264c99e7374ee2c') in 0.010135 seconds 
========================================================================
Received Import Request.
  Time since last request: 0.000226 seconds.
  path: Assets/Nature pack/Flower_Yellow_01.obj
  artifactKey: Guid(361cfac42dd4b724096b44025d18625e) Importer(815301076,1909f56bfc062723c751e8b465ee728b)
Start importing Assets/Nature pack/Flower_Yellow_01.obj using Guid(361cfac42dd4b724096b44025d18625e) Importer(815301076,1909f56bfc062723c751e8b465ee728b)  -> (artifact id: 'b57a5a9a4a9d96ce988c8b05556e2115') in 0.084096 seconds 
========================================================================
Received Import Request.
  Time since last request: 0.000197 seconds.
  path: Assets/Nature pack/Hanging_Moss_01.obj
  artifactKey: Guid(7cb727f57a9f46741a77732f8d3daf86) Importer(815301076,1909f56bfc062723c751e8b465ee728b)
Start importing Assets/Nature pack/Hanging_Moss_01.obj using Guid(7cb727f57a9f46741a77732f8d3daf86) Importer(815301076,1909f56bfc062723c751e8b465ee728b)  -> (artifact id: '116cccfee6765afe8c6b5fe6a32db8e3') in 0.034682 seconds 
========================================================================
Received Import Request.
  Time since last request: 0.000157 seconds.
  path: Assets/Nature pack/Campfire_01.obj
  artifactKey: Guid(b32d07886f3bf214c8e0e89990df5547) Importer(815301076,1909f56bfc062723c751e8b465ee728b)
Start importing Assets/Nature pack/Campfire_01.obj using Guid(b32d07886f3bf214c8e0e89990df5547) Importer(815301076,1909f56bfc062723c751e8b465ee728b)  -> (artifact id: 'b7e3a521c80a51f1335821f14f9b20cf') in 0.035736 seconds 
========================================================================
Received Import Request.
  Time since last request: 0.000152 seconds.
  path: Assets/Nature pack/Fallen_Trunk_01.obj
  artifactKey: Guid(a54a3840ebde1fa44ae4f2027cc9429c) Importer(815301076,1909f56bfc062723c751e8b465ee728b)
Start importing Assets/Nature pack/Fallen_Trunk_01.obj using Guid(a54a3840ebde1fa44ae4f2027cc9429c) Importer(815301076,1909f56bfc062723c751e8b465ee728b)  -> (artifact id: '7abae162c92e1af4dc322d2128306423') in 0.038638 seconds 
========================================================================
Received Import Request.
  Time since last request: 0.000351 seconds.
  path: Assets/Nature pack/Wood_Fence_Broken_01.obj
  artifactKey: Guid(98b3a66d890d566468b98f56d8859633) Importer(815301076,1909f56bfc062723c751e8b465ee728b)
Start importing Assets/Nature pack/Wood_Fence_Broken_01.obj using Guid(98b3a66d890d566468b98f56d8859633) Importer(815301076,1909f56bfc062723c751e8b465ee728b)  -> (artifact id: '3db873ce94b28d4b93322a1f341d75e1') in 0.046632 seconds 
========================================================================
Received Import Request.
  Time since last request: 0.000185 seconds.
  path: Assets/Nature pack/Grass_01.obj
  artifactKey: Guid(7c7e4c3b6c8c16b4e884a2bac50a88cd) Importer(815301076,1909f56bfc062723c751e8b465ee728b)
Start importing Assets/Nature pack/Grass_01.obj using Guid(7c7e4c3b6c8c16b4e884a2bac50a88cd) Importer(815301076,1909f56bfc062723c751e8b465ee728b)  -> (artifact id: '3e94d4add58b8f46265f3f9131d07cdb') in 0.043216 seconds 
========================================================================
Received Import Request.
  Time since last request: 0.000174 seconds.
  path: Assets/Nature pack/Large_Oak_Dark_01.obj
  artifactKey: Guid(025d8cdc23e287341ae7840bef7b114b) Importer(815301076,1909f56bfc062723c751e8b465ee728b)
Start importing Assets/Nature pack/Large_Oak_Dark_01.obj using Guid(025d8cdc23e287341ae7840bef7b114b) Importer(815301076,1909f56bfc062723c751e8b465ee728b)  -> (artifact id: 'f7ed80e252f47bd8fbdb05e1397ee175') in 0.041176 seconds 
========================================================================
Received Import Request.
  Time since last request: 0.000300 seconds.
  path: Assets/Nature pack/Large_Oak_Green_01.obj
  artifactKey: Guid(92a84948702fafe4592b429e079f56f5) Importer(815301076,1909f56bfc062723c751e8b465ee728b)
Start importing Assets/Nature pack/Large_Oak_Green_01.obj using Guid(92a84948702fafe4592b429e079f56f5) Importer(815301076,1909f56bfc062723c751e8b465ee728b)  -> (artifact id: 'a61a58ba1b56f2865600ce35b6f99fc6') in 0.033494 seconds 
========================================================================
Received Import Request.
  Time since last request: 0.000206 seconds.
  path: Assets/Complete
  artifactKey: Guid(3244652c120e3274fb9be1e2a4cb1874) Importer(815301076,1909f56bfc062723c751e8b465ee728b)
Start importing Assets/Complete using Guid(3244652c120e3274fb9be1e2a4cb1874) Importer(815301076,1909f56bfc062723c751e8b465ee728b)  -> (artifact id: '6d20aa39f30b6c21e5e702b086b26148') in 0.010504 seconds 
========================================================================
Received Import Request.
  Time since last request: 0.000165 seconds.
  path: Assets/Nature pack/Large_Oak_Fall_01.obj
  artifactKey: Guid(f4e693f51afd6ec46af19e93f59abbf0) Importer(815301076,1909f56bfc062723c751e8b465ee728b)
Start importing Assets/Nature pack/Large_Oak_Fall_01.obj using Guid(f4e693f51afd6ec46af19e93f59abbf0) Importer(815301076,1909f56bfc062723c751e8b465ee728b)  -> (artifact id: '6e5e686cec084d9211f42c7f3b8416c7') in 0.042724 seconds 
========================================================================
Received Import Request.
  Time since last request: 0.000257 seconds.
  path: Assets/Nature pack/Oak_Dark_01.obj
  artifactKey: Guid(593e1afb32baf324c858d4d60c71a63e) Importer(815301076,1909f56bfc062723c751e8b465ee728b)
Start importing Assets/Nature pack/Oak_Dark_01.obj using Guid(593e1afb32baf324c858d4d60c71a63e) Importer(815301076,1909f56bfc062723c751e8b465ee728b)  -> (artifact id: '5603e0f171704f5f05d198a3d803afa0') in 0.036160 seconds 
========================================================================
Received Import Request.
  Time since last request: 0.000162 seconds.
  path: Assets/Nature pack/Mushroom_Brown_01.obj
  artifactKey: Guid(4a9cc5c3b79ca5446ae5a8660d782acf) Importer(815301076,1909f56bfc062723c751e8b465ee728b)
Start importing Assets/Nature pack/Mushroom_Brown_01.obj using Guid(4a9cc5c3b79ca5446ae5a8660d782acf) Importer(815301076,1909f56bfc062723c751e8b465ee728b)  -> (artifact id: '6cf73c27c4bfa5afc748f05f83dd8143') in 0.032569 seconds 
========================================================================
Received Import Request.
  Time since last request: 0.001105 seconds.
  path: Assets/Nature pack/Oak_Green_01.obj
  artifactKey: Guid(f653b60da7093254ca90f7350127d8ed) Importer(815301076,1909f56bfc062723c751e8b465ee728b)
Start importing Assets/Nature pack/Oak_Green_01.obj using Guid(f653b60da7093254ca90f7350127d8ed) Importer(815301076,1909f56bfc062723c751e8b465ee728b)  -> (artifact id: 'e16bf4a595748811bbf1f6fad6f93e54') in 0.035393 seconds 
========================================================================
Received Import Request.
  Time since last request: 0.000158 seconds.
  path: Assets/Nature pack/Flower_Red_01.obj
  artifactKey: Guid(7f11ed1c08a879945bf2aa33ce6ab73e) Importer(815301076,1909f56bfc062723c751e8b465ee728b)
Start importing Assets/Nature pack/Flower_Red_01.obj using Guid(7f11ed1c08a879945bf2aa33ce6ab73e) Importer(815301076,1909f56bfc062723c751e8b465ee728b)  -> (artifact id: 'c8ccfbca3c218f601f436f3d88592807') in 0.112916 seconds 
========================================================================
Received Import Request.
  Time since last request: 0.000463 seconds.
  path: Assets/Nature pack/Tree_01.obj
  artifactKey: Guid(b48620188f4008546b07ff66c34c65ab) Importer(815301076,1909f56bfc062723c751e8b465ee728b)
Start importing Assets/Nature pack/Tree_01.obj using Guid(b48620188f4008546b07ff66c34c65ab) Importer(815301076,1909f56bfc062723c751e8b465ee728b)  -> (artifact id: 'b1b9ea9fbc2559985922d88e1c0e4816') in 0.051430 seconds 
========================================================================
Received Import Request.
  Time since last request: 1.540462 seconds.
  path: Assets/tutorial.unity
  artifactKey: Guid(096a1c7b7448dd546948df7ebace510b) Importer(815301076,1909f56bfc062723c751e8b465ee728b)
Start importing Assets/tutorial.unity using Guid(096a1c7b7448dd546948df7ebace510b) Importer(815301076,1909f56bfc062723c751e8b465ee728b)  -> (artifact id: '7a409d783ebfda0eeef95c2f6ec85002') in 0.012875 seconds 
========================================================================
Received Import Request.
  Time since last request: 56.795494 seconds.
  path: Assets/Scripts
  artifactKey: Guid(4b70f243e682fcf40ad8e58d2a0644a8) Importer(815301076,1909f56bfc062723c751e8b465ee728b)
Start importing Assets/Scripts using Guid(4b70f243e682fcf40ad8e58d2a0644a8) Importer(815301076,1909f56bfc062723c751e8b465ee728b)  -> (artifact id: '6292b8c0f8ff78c38a704814a73ffe71') in 0.008783 seconds 
========================================================================
Received Import Request.
  Time since last request: 19.715017 seconds.
  path: Assets/Scripts/State.cs
  artifactKey: Guid(55c119e06528dd24ab8018b31a7f4fd9) Importer(815301076,1909f56bfc062723c751e8b465ee728b)
Start importing Assets/Scripts/State.cs using Guid(55c119e06528dd24ab8018b31a7f4fd9) Importer(815301076,1909f56bfc062723c751e8b465ee728b)  -> (artifact id: '92732ffb0641367b06fe87486537fd1b') in 0.015945 seconds 
========================================================================
Received Prepare
Registering precompiled user dll's ...
Registered in 0.004896 seconds.
Begin MonoManager ReloadAssembly
Native extension for WindowsStandalone target not found
Refreshing native plugins compatible for Editor in 0.33 ms, found 2 plugins.
Preloading 0 native plugins for Editor in 0.00 ms.
Mono: successfully reloaded assembly
- Completed reload, in  1.352 seconds
Domain Reload Profiling:
	ReloadAssembly (1354ms)
		BeginReloadAssembly (170ms)
			ExecutionOrderSort (0ms)
			DisableScriptedObjects (5ms)
			BackupInstance (0ms)
			ReleaseScriptingObjects (0ms)
			CreateAndSetChildDomain (44ms)
		EndReloadAssembly (1106ms)
			LoadAssemblies (128ms)
			RebuildTransferFunctionScriptingTraits (0ms)
			SetupTypeCache (356ms)
			ReleaseScriptCaches (1ms)
			RebuildScriptCaches (44ms)
			SetupLoadedEditorAssemblies (473ms)
				LogAssemblyErrors (0ms)
				InitializePlatformSupportModulesInManaged (6ms)
				SetLoadedEditorAssemblies (0ms)
				RefreshPlugins (0ms)
				BeforeProcessingInitializeOnLoad (61ms)
				ProcessInitializeOnLoadAttributes (392ms)
				ProcessInitializeOnLoadMethodAttributes (6ms)
				AfterProcessingInitializeOnLoad (8ms)
				EditorAssembliesLoaded (0ms)
			ExecutionOrderSort2 (0ms)
			AwakeInstancesAfterBackupRestoration (10ms)
Platform modules already initialized, skipping
Refreshing native plugins compatible for Editor in 0.32 ms, found 2 plugins.
Preloading 0 native plugins for Editor in 0.00 ms.
Unloading 1403 Unused Serialized files (Serialized files now loaded: 0)
System memory in use before: 69.9 MB.
System memory in use after: 70.0 MB.

Unloading 13 unused Assets to reduce memory usage. Loaded Objects now: 1867.
Total: 4.808600 ms (FindLiveObjects: 0.383400 ms CreateObjectMapping: 0.230500 ms MarkObjects: 4.159100 ms  DeleteObjects: 0.032300 ms)

AssetImportParameters requested are different than current active one (requested -> active):
  custom:framework-win-MediaFoundation: 216162199b28c13a410421893ffa2e32 -> 
  custom:video-decoder-ogg-theora: a1e56fd34408186e4bbccfd4996cb3dc -> 
  custom:container-muxer-webm: aa71ff27fc2769a1b78a27578f13a17b -> 
  custom:container-demuxer-webm: 4f35f7cbe854078d1ac9338744f61a02 -> 
  custom:container-demuxer-ogg: 62fdf1f143b41e24485cea50d1cbac27 -> 
  custom:video-encoder-webm-vp8: eb34c28f22e8b96e1ab97ce403110664 -> 
  custom:video-decoder-webm-vp8: 9c59270c3fd7afecdb556c50c9e8de78 -> 
  custom:audio-decoder-ogg-vorbis: bf7c407c2cedff20999df2af8eb42d56 -> 
  custom:audio-encoder-webm-vorbis: bf7c407c2cedff20999df2af8eb42d56 -> 
========================================================================
Received Prepare
Registering precompiled user dll's ...
Registered in 0.004782 seconds.
Begin MonoManager ReloadAssembly
Native extension for WindowsStandalone target not found
Refreshing native plugins compatible for Editor in 0.34 ms, found 2 plugins.
Preloading 0 native plugins for Editor in 0.00 ms.
Mono: successfully reloaded assembly
- Completed reload, in  1.529 seconds
Domain Reload Profiling:
	ReloadAssembly (1530ms)
		BeginReloadAssembly (174ms)
			ExecutionOrderSort (0ms)
			DisableScriptedObjects (8ms)
			BackupInstance (0ms)
			ReleaseScriptingObjects (0ms)
			CreateAndSetChildDomain (45ms)
		EndReloadAssembly (1276ms)
			LoadAssemblies (139ms)
			RebuildTransferFunctionScriptingTraits (0ms)
			SetupTypeCache (522ms)
			ReleaseScriptCaches (1ms)
			RebuildScriptCaches (48ms)
			SetupLoadedEditorAssemblies (439ms)
				LogAssemblyErrors (0ms)
				InitializePlatformSupportModulesInManaged (8ms)
				SetLoadedEditorAssemblies (1ms)
				RefreshPlugins (0ms)
				BeforeProcessingInitializeOnLoad (52ms)
				ProcessInitializeOnLoadAttributes (362ms)
				ProcessInitializeOnLoadMethodAttributes (5ms)
				AfterProcessingInitializeOnLoad (9ms)
				EditorAssembliesLoaded (0ms)
			ExecutionOrderSort2 (0ms)
			AwakeInstancesAfterBackupRestoration (9ms)
Platform modules already initialized, skipping
Refreshing native plugins compatible for Editor in 0.47 ms, found 2 plugins.
Preloading 0 native plugins for Editor in 0.00 ms.
Unloading 1403 Unused Serialized files (Serialized files now loaded: 0)
System memory in use before: 70.0 MB.
System memory in use after: 70.1 MB.

Unloading 13 unused Assets to reduce memory usage. Loaded Objects now: 1869.
Total: 3.539500 ms (FindLiveObjects: 0.147700 ms CreateObjectMapping: 0.052000 ms MarkObjects: 3.317600 ms  DeleteObjects: 0.020400 ms)

AssetImportParameters requested are different than current active one (requested -> active):
  custom:framework-win-MediaFoundation: 216162199b28c13a410421893ffa2e32 -> 
  custom:video-decoder-ogg-theora: a1e56fd34408186e4bbccfd4996cb3dc -> 
  custom:container-muxer-webm: aa71ff27fc2769a1b78a27578f13a17b -> 
  custom:container-demuxer-webm: 4f35f7cbe854078d1ac9338744f61a02 -> 
  custom:container-demuxer-ogg: 62fdf1f143b41e24485cea50d1cbac27 -> 
  custom:video-encoder-webm-vp8: eb34c28f22e8b96e1ab97ce403110664 -> 
  custom:video-decoder-webm-vp8: 9c59270c3fd7afecdb556c50c9e8de78 -> 
  custom:audio-decoder-ogg-vorbis: bf7c407c2cedff20999df2af8eb42d56 -> 
  custom:audio-encoder-webm-vorbis: bf7c407c2cedff20999df2af8eb42d56 -> 
========================================================================
Received Import Request.
  Time since last request: 688.490201 seconds.
  path: Assets/Scripts/State.cs
  artifactKey: Guid(55c119e06528dd24ab8018b31a7f4fd9) Importer(815301076,1909f56bfc062723c751e8b465ee728b)
Start importing Assets/Scripts/State.cs using Guid(55c119e06528dd24ab8018b31a7f4fd9) Importer(815301076,1909f56bfc062723c751e8b465ee728b)  -> (artifact id: 'e77f396c52fb0c769132f1824d860218') in 0.004805 seconds 
========================================================================
Received Import Request.
  Time since last request: 16.916617 seconds.
  path: Assets/Scripts/StateMachine.cs
  artifactKey: Guid(81ddd6edbefc3794f86f1567c734dd71) Importer(815301076,1909f56bfc062723c751e8b465ee728b)
Start importing Assets/Scripts/StateMachine.cs using Guid(81ddd6edbefc3794f86f1567c734dd71) Importer(815301076,1909f56bfc062723c751e8b465ee728b)  -> (artifact id: '8cdef8d83b93f727d2376a603ea60385') in 0.014228 seconds 
========================================================================
Received Prepare
Registering precompiled user dll's ...
Registered in 0.004545 seconds.
Begin MonoManager ReloadAssembly
Native extension for WindowsStandalone target not found
Refreshing native plugins compatible for Editor in 0.33 ms, found 2 plugins.
Preloading 0 native plugins for Editor in 0.00 ms.
Mono: successfully reloaded assembly
- Completed reload, in  1.373 seconds
Domain Reload Profiling:
	ReloadAssembly (1373ms)
		BeginReloadAssembly (181ms)
			ExecutionOrderSort (0ms)
			DisableScriptedObjects (5ms)
			BackupInstance (0ms)
			ReleaseScriptingObjects (0ms)
			CreateAndSetChildDomain (52ms)
		EndReloadAssembly (1112ms)
			LoadAssemblies (143ms)
			RebuildTransferFunctionScriptingTraits (0ms)
			SetupTypeCache (413ms)
			ReleaseScriptCaches (1ms)
			RebuildScriptCaches (44ms)
			SetupLoadedEditorAssemblies (418ms)
				LogAssemblyErrors (0ms)
				InitializePlatformSupportModulesInManaged (6ms)
				SetLoadedEditorAssemblies (1ms)
				RefreshPlugins (0ms)
				BeforeProcessingInitializeOnLoad (54ms)
				ProcessInitializeOnLoadAttributes (344ms)
				ProcessInitializeOnLoadMethodAttributes (5ms)
				AfterProcessingInitializeOnLoad (8ms)
				EditorAssembliesLoaded (0ms)
			ExecutionOrderSort2 (0ms)
			AwakeInstancesAfterBackupRestoration (10ms)
Platform modules already initialized, skipping
Refreshing native plugins compatible for Editor in 0.36 ms, found 2 plugins.
Preloading 0 native plugins for Editor in 0.00 ms.
Unloading 1404 Unused Serialized files (Serialized files now loaded: 0)
System memory in use before: 70.0 MB.
System memory in use after: 70.1 MB.

Unloading 13 unused Assets to reduce memory usage. Loaded Objects now: 1872.
Total: 3.371300 ms (FindLiveObjects: 0.142900 ms CreateObjectMapping: 0.053400 ms MarkObjects: 3.156000 ms  DeleteObjects: 0.017400 ms)

AssetImportParameters requested are different than current active one (requested -> active):
  custom:framework-win-MediaFoundation: 216162199b28c13a410421893ffa2e32 -> 
  custom:video-decoder-ogg-theora: a1e56fd34408186e4bbccfd4996cb3dc -> 
  custom:container-muxer-webm: aa71ff27fc2769a1b78a27578f13a17b -> 
  custom:container-demuxer-webm: 4f35f7cbe854078d1ac9338744f61a02 -> 
  custom:container-demuxer-ogg: 62fdf1f143b41e24485cea50d1cbac27 -> 
  custom:video-encoder-webm-vp8: eb34c28f22e8b96e1ab97ce403110664 -> 
  custom:video-decoder-webm-vp8: 9c59270c3fd7afecdb556c50c9e8de78 -> 
  custom:audio-decoder-ogg-vorbis: bf7c407c2cedff20999df2af8eb42d56 -> 
  custom:audio-encoder-webm-vorbis: bf7c407c2cedff20999df2af8eb42d56 -> 
========================================================================
Received Import Request.
  Time since last request: 601.050999 seconds.
  path: Assets/Scripts/StateMachine.cs
  artifactKey: Guid(81ddd6edbefc3794f86f1567c734dd71) Importer(815301076,1909f56bfc062723c751e8b465ee728b)
Start importing Assets/Scripts/StateMachine.cs using Guid(81ddd6edbefc3794f86f1567c734dd71) Importer(815301076,1909f56bfc062723c751e8b465ee728b)  -> (artifact id: '4f346f7ffd40ae790b9729706464a725') in 0.008700 seconds 
========================================================================
Received Prepare
Registering precompiled user dll's ...
Registered in 0.005317 seconds.
Begin MonoManager ReloadAssembly
Native extension for WindowsStandalone target not found
Refreshing native plugins compatible for Editor in 0.67 ms, found 2 plugins.
Preloading 0 native plugins for Editor in 0.00 ms.
Mono: successfully reloaded assembly
- Completed reload, in  1.373 seconds
Domain Reload Profiling:
	ReloadAssembly (1373ms)
		BeginReloadAssembly (171ms)
			ExecutionOrderSort (0ms)
			DisableScriptedObjects (6ms)
			BackupInstance (0ms)
			ReleaseScriptingObjects (0ms)
			CreateAndSetChildDomain (44ms)
		EndReloadAssembly (1118ms)
			LoadAssemblies (138ms)
			RebuildTransferFunctionScriptingTraits (0ms)
			SetupTypeCache (416ms)
			ReleaseScriptCaches (1ms)
			RebuildScriptCaches (47ms)
			SetupLoadedEditorAssemblies (414ms)
				LogAssemblyErrors (0ms)
				InitializePlatformSupportModulesInManaged (7ms)
				SetLoadedEditorAssemblies (1ms)
				RefreshPlugins (1ms)
				BeforeProcessingInitializeOnLoad (52ms)
				ProcessInitializeOnLoadAttributes (340ms)
				ProcessInitializeOnLoadMethodAttributes (5ms)
				AfterProcessingInitializeOnLoad (9ms)
				EditorAssembliesLoaded (0ms)
			ExecutionOrderSort2 (0ms)
			AwakeInstancesAfterBackupRestoration (8ms)
Platform modules already initialized, skipping
Refreshing native plugins compatible for Editor in 0.34 ms, found 2 plugins.
Preloading 0 native plugins for Editor in 0.00 ms.
Unloading 1404 Unused Serialized files (Serialized files now loaded: 0)
System memory in use before: 70.0 MB.
System memory in use after: 70.1 MB.

Unloading 13 unused Assets to reduce memory usage. Loaded Objects now: 1874.
Total: 3.670600 ms (FindLiveObjects: 0.137900 ms CreateObjectMapping: 0.051800 ms MarkObjects: 3.459100 ms  DeleteObjects: 0.020500 ms)

AssetImportParameters requested are different than current active one (requested -> active):
  custom:framework-win-MediaFoundation: 216162199b28c13a410421893ffa2e32 -> 
  custom:video-decoder-ogg-theora: a1e56fd34408186e4bbccfd4996cb3dc -> 
  custom:container-muxer-webm: aa71ff27fc2769a1b78a27578f13a17b -> 
  custom:container-demuxer-webm: 4f35f7cbe854078d1ac9338744f61a02 -> 
  custom:container-demuxer-ogg: 62fdf1f143b41e24485cea50d1cbac27 -> 
  custom:video-encoder-webm-vp8: eb34c28f22e8b96e1ab97ce403110664 -> 
  custom:video-decoder-webm-vp8: 9c59270c3fd7afecdb556c50c9e8de78 -> 
  custom:audio-decoder-ogg-vorbis: bf7c407c2cedff20999df2af8eb42d56 -> 
  custom:audio-encoder-webm-vorbis: bf7c407c2cedff20999df2af8eb42d56 -> 
========================================================================
Received Import Request.
  Time since last request: 462.039445 seconds.
  path: Assets/Scripts/StateMachine.cs
  artifactKey: Guid(81ddd6edbefc3794f86f1567c734dd71) Importer(815301076,1909f56bfc062723c751e8b465ee728b)
Start importing Assets/Scripts/StateMachine.cs using Guid(81ddd6edbefc3794f86f1567c734dd71) Importer(815301076,1909f56bfc062723c751e8b465ee728b)  -> (artifact id: '2ab1a1a7a4bdb708737af33678411677') in 0.005009 seconds 
========================================================================
Received Import Request.
  Time since last request: 22.270461 seconds.
  path: Assets/Character Models/Model
  artifactKey: Guid(3d283fb03b204e741a493527e9627692) Importer(815301076,1909f56bfc062723c751e8b465ee728b)
Start importing Assets/Character Models/Model using Guid(3d283fb03b204e741a493527e9627692) Importer(815301076,1909f56bfc062723c751e8b465ee728b)  -> (artifact id: '2fb2ec165818020250b1f59b01635738') in 0.015668 seconds 
========================================================================
Received Import Request.
  Time since last request: 0.045989 seconds.
  path: Assets/Character Models/Model/advancedCharacter.fbx
  artifactKey: Guid(cecd2b7fd64eeb94ea5dc96c73a46e34) Importer(815301076,1909f56bfc062723c751e8b465ee728b)
Start importing Assets/Character Models/Model/advancedCharacter.fbx using Guid(cecd2b7fd64eeb94ea5dc96c73a46e34) Importer(815301076,1909f56bfc062723c751e8b465ee728b)  -> (artifact id: 'deec152a3280ac3dcc66b515e0a6a7f7') in 0.167582 seconds 
========================================================================
Received Import Request.
  Time since last request: 0.000248 seconds.
  path: Assets/Character Models/Model/advancedCharacter@Idle.fbx
  artifactKey: Guid(1b10b5d723c80cd4c9d53ec5f3027c15) Importer(815301076,1909f56bfc062723c751e8b465ee728b)
Start importing Assets/Character Models/Model/advancedCharacter@Idle.fbx using Guid(1b10b5d723c80cd4c9d53ec5f3027c15) Importer(815301076,1909f56bfc062723c751e8b465ee728b)  -> (artifact id: '85a957a1a33cc1055de3404025b57200') in 0.108578 seconds 
========================================================================
Received Import Request.
  Time since last request: 0.000402 seconds.
  path: Assets/Character Models/Model/zombie walk.fbx
  artifactKey: Guid(6acf215ffdd2fda4bb7a8fbf2755b50b) Importer(815301076,1909f56bfc062723c751e8b465ee728b)
Start importing Assets/Character Models/Model/zombie walk.fbx using Guid(6acf215ffdd2fda4bb7a8fbf2755b50b) Importer(815301076,1909f56bfc062723c751e8b465ee728b)  -> (artifact id: '1e9d76e15e31c694f81798fa002c303f') in 0.018539 seconds 
========================================================================
Received Import Request.
  Time since last request: 0.000270 seconds.
  path: Assets/Character Models/Model/advancedCharacter@Walking.fbx
  artifactKey: Guid(178926d719945664b8e4cc31888ab004) Importer(815301076,1909f56bfc062723c751e8b465ee728b)
Start importing Assets/Character Models/Model/advancedCharacter@Walking.fbx using Guid(178926d719945664b8e4cc31888ab004) Importer(815301076,1909f56bfc062723c751e8b465ee728b)  -> (artifact id: '1c34b3316e0dd3ade6e78137a64ca76a') in 0.116021 seconds 
========================================================================
Received Import Request.
  Time since last request: 0.000166 seconds.
  path: Assets/Character Models/Model/zombie attack.fbx
  artifactKey: Guid(7a9bc5e66196da040b4aabc01c0a8f23) Importer(815301076,1909f56bfc062723c751e8b465ee728b)
Start importing Assets/Character Models/Model/zombie attack.fbx using Guid(7a9bc5e66196da040b4aabc01c0a8f23) Importer(815301076,1909f56bfc062723c751e8b465ee728b)  -> (artifact id: 'af2c4b6e92eb193fd73c0c8e2a154b84') in 0.025519 seconds 
========================================================================
Received Import Request.
  Time since last request: 0.000342 seconds.
  path: Assets/Character Models/Model/zombie idle.fbx
  artifactKey: Guid(2e37283b7e51c954c9d772697fae2184) Importer(815301076,1909f56bfc062723c751e8b465ee728b)
Start importing Assets/Character Models/Model/zombie idle.fbx using Guid(2e37283b7e51c954c9d772697fae2184) Importer(815301076,1909f56bfc062723c751e8b465ee728b)  -> (artifact id: '00c132989c6e87cc884809c02e086d25') in 0.024946 seconds 
========================================================================
Received Import Request.
  Time since last request: 249.082760 seconds.
  path: Assets/Scripts/PlayerMove.cs
  artifactKey: Guid(0ad225920e751b54da1d032da87e4704) Importer(815301076,1909f56bfc062723c751e8b465ee728b)
Start importing Assets/Scripts/PlayerMove.cs using Guid(0ad225920e751b54da1d032da87e4704) Importer(815301076,1909f56bfc062723c751e8b465ee728b)  -> (artifact id: '4d57be2e5b5538da05a2482437944faf') in 0.017282 seconds 
========================================================================
Received Prepare
Registering precompiled user dll's ...
Registered in 0.005634 seconds.
Begin MonoManager ReloadAssembly
Native extension for WindowsStandalone target not found
Refreshing native plugins compatible for Editor in 0.33 ms, found 2 plugins.
Preloading 0 native plugins for Editor in 0.00 ms.
Mono: successfully reloaded assembly
- Completed reload, in  1.335 seconds
Domain Reload Profiling:
	ReloadAssembly (1335ms)
		BeginReloadAssembly (165ms)
			ExecutionOrderSort (0ms)
			DisableScriptedObjects (5ms)
			BackupInstance (0ms)
			ReleaseScriptingObjects (0ms)
			CreateAndSetChildDomain (46ms)
		EndReloadAssembly (1091ms)
			LoadAssemblies (130ms)
			RebuildTransferFunctionScriptingTraits (0ms)
			SetupTypeCache (392ms)
			ReleaseScriptCaches (1ms)
			RebuildScriptCaches (50ms)
			SetupLoadedEditorAssemblies (418ms)
				LogAssemblyErrors (0ms)
				InitializePlatformSupportModulesInManaged (6ms)
				SetLoadedEditorAssemblies (1ms)
				RefreshPlugins (0ms)
				BeforeProcessingInitializeOnLoad (54ms)
				ProcessInitializeOnLoadAttributes (344ms)
				ProcessInitializeOnLoadMethodAttributes (5ms)
				AfterProcessingInitializeOnLoad (8ms)
				EditorAssembliesLoaded (0ms)
			ExecutionOrderSort2 (0ms)
			AwakeInstancesAfterBackupRestoration (10ms)
Platform modules already initialized, skipping
Refreshing native plugins compatible for Editor in 0.33 ms, found 2 plugins.
Preloading 0 native plugins for Editor in 0.00 ms.
Unloading 1405 Unused Serialized files (Serialized files now loaded: 0)
System memory in use before: 70.1 MB.
System memory in use after: 70.3 MB.

Unloading 13 unused Assets to reduce memory usage. Loaded Objects now: 1878.
Total: 3.164600 ms (FindLiveObjects: 0.182100 ms CreateObjectMapping: 0.066300 ms MarkObjects: 2.897100 ms  DeleteObjects: 0.017600 ms)

AssetImportParameters requested are different than current active one (requested -> active):
  custom:framework-win-MediaFoundation: 216162199b28c13a410421893ffa2e32 -> 
  custom:video-decoder-ogg-theora: a1e56fd34408186e4bbccfd4996cb3dc -> 
  custom:container-muxer-webm: aa71ff27fc2769a1b78a27578f13a17b -> 
  custom:container-demuxer-webm: 4f35f7cbe854078d1ac9338744f61a02 -> 
  custom:container-demuxer-ogg: 62fdf1f143b41e24485cea50d1cbac27 -> 
  custom:video-encoder-webm-vp8: eb34c28f22e8b96e1ab97ce403110664 -> 
  custom:video-decoder-webm-vp8: 9c59270c3fd7afecdb556c50c9e8de78 -> 
  custom:audio-decoder-ogg-vorbis: bf7c407c2cedff20999df2af8eb42d56 -> 
  custom:audio-encoder-webm-vorbis: bf7c407c2cedff20999df2af8eb42d56 -> 
========================================================================
Received Prepare
Registering precompiled user dll's ...
Registered in 0.009147 seconds.
Begin MonoManager ReloadAssembly
Native extension for WindowsStandalone target not found
Refreshing native plugins compatible for Editor in 0.61 ms, found 2 plugins.
Preloading 0 native plugins for Editor in 0.00 ms.
Mono: successfully reloaded assembly
- Completed reload, in  1.413 seconds
Domain Reload Profiling:
	ReloadAssembly (1414ms)
		BeginReloadAssembly (171ms)
			ExecutionOrderSort (0ms)
			DisableScriptedObjects (7ms)
			BackupInstance (0ms)
			ReleaseScriptingObjects (0ms)
			CreateAndSetChildDomain (43ms)
		EndReloadAssembly (1153ms)
			LoadAssemblies (168ms)
			RebuildTransferFunctionScriptingTraits (0ms)
			SetupTypeCache (383ms)
			ReleaseScriptCaches (1ms)
			RebuildScriptCaches (48ms)
			SetupLoadedEditorAssemblies (455ms)
				LogAssemblyErrors (0ms)
				InitializePlatformSupportModulesInManaged (6ms)
				SetLoadedEditorAssemblies (0ms)
				RefreshPlugins (1ms)
				BeforeProcessingInitializeOnLoad (51ms)
				ProcessInitializeOnLoadAttributes (383ms)
				ProcessInitializeOnLoadMethodAttributes (5ms)
				AfterProcessingInitializeOnLoad (8ms)
				EditorAssembliesLoaded (0ms)
			ExecutionOrderSort2 (0ms)
			AwakeInstancesAfterBackupRestoration (10ms)
Platform modules already initialized, skipping
Refreshing native plugins compatible for Editor in 0.33 ms, found 2 plugins.
Preloading 0 native plugins for Editor in 0.00 ms.
Unloading 1405 Unused Serialized files (Serialized files now loaded: 0)
System memory in use before: 70.2 MB.
System memory in use after: 70.3 MB.

Unloading 13 unused Assets to reduce memory usage. Loaded Objects now: 1880.
Total: 3.972200 ms (FindLiveObjects: 0.161700 ms CreateObjectMapping: 0.054400 ms MarkObjects: 3.733700 ms  DeleteObjects: 0.020600 ms)

AssetImportParameters requested are different than current active one (requested -> active):
  custom:framework-win-MediaFoundation: 216162199b28c13a410421893ffa2e32 -> 
  custom:video-decoder-ogg-theora: a1e56fd34408186e4bbccfd4996cb3dc -> 
  custom:container-muxer-webm: aa71ff27fc2769a1b78a27578f13a17b -> 
  custom:container-demuxer-webm: 4f35f7cbe854078d1ac9338744f61a02 -> 
  custom:container-demuxer-ogg: 62fdf1f143b41e24485cea50d1cbac27 -> 
  custom:video-encoder-webm-vp8: eb34c28f22e8b96e1ab97ce403110664 -> 
  custom:video-decoder-webm-vp8: 9c59270c3fd7afecdb556c50c9e8de78 -> 
  custom:audio-decoder-ogg-vorbis: bf7c407c2cedff20999df2af8eb42d56 -> 
  custom:audio-encoder-webm-vorbis: bf7c407c2cedff20999df2af8eb42d56 -> 
========================================================================
Received Prepare
Registering precompiled user dll's ...
Registered in 0.008771 seconds.
Begin MonoManager ReloadAssembly
Native extension for WindowsStandalone target not found
Refreshing native plugins compatible for Editor in 0.34 ms, found 2 plugins.
Preloading 0 native plugins for Editor in 0.00 ms.
Mono: successfully reloaded assembly
- Completed reload, in  1.575 seconds
Domain Reload Profiling:
	ReloadAssembly (1575ms)
		BeginReloadAssembly (154ms)
			ExecutionOrderSort (0ms)
			DisableScriptedObjects (5ms)
			BackupInstance (0ms)
			ReleaseScriptingObjects (0ms)
			CreateAndSetChildDomain (39ms)
		EndReloadAssembly (1340ms)
			LoadAssemblies (137ms)
			RebuildTransferFunctionScriptingTraits (0ms)
			SetupTypeCache (574ms)
			ReleaseScriptCaches (1ms)
			RebuildScriptCaches (46ms)
			SetupLoadedEditorAssemblies (461ms)
				LogAssemblyErrors (0ms)
				InitializePlatformSupportModulesInManaged (12ms)
				SetLoadedEditorAssemblies (1ms)
				RefreshPlugins (0ms)
				BeforeProcessingInitializeOnLoad (53ms)
				ProcessInitializeOnLoadAttributes (381ms)
				ProcessInitializeOnLoadMethodAttributes (5ms)
				AfterProcessingInitializeOnLoad (8ms)
				EditorAssembliesLoaded (0ms)
			ExecutionOrderSort2 (0ms)
			AwakeInstancesAfterBackupRestoration (8ms)
Platform modules already initialized, skipping
Refreshing native plugins compatible for Editor in 0.33 ms, found 2 plugins.
Preloading 0 native plugins for Editor in 0.00 ms.
Unloading 1405 Unused Serialized files (Serialized files now loaded: 0)
System memory in use before: 70.2 MB.
System memory in use after: 70.3 MB.

Unloading 13 unused Assets to reduce memory usage. Loaded Objects now: 1882.
Total: 3.611200 ms (FindLiveObjects: 0.212100 ms CreateObjectMapping: 0.080500 ms MarkObjects: 3.298900 ms  DeleteObjects: 0.018100 ms)

AssetImportParameters requested are different than current active one (requested -> active):
  custom:framework-win-MediaFoundation: 216162199b28c13a410421893ffa2e32 -> 
  custom:video-decoder-ogg-theora: a1e56fd34408186e4bbccfd4996cb3dc -> 
  custom:container-muxer-webm: aa71ff27fc2769a1b78a27578f13a17b -> 
  custom:container-demuxer-webm: 4f35f7cbe854078d1ac9338744f61a02 -> 
  custom:container-demuxer-ogg: 62fdf1f143b41e24485cea50d1cbac27 -> 
  custom:video-encoder-webm-vp8: eb34c28f22e8b96e1ab97ce403110664 -> 
  custom:video-decoder-webm-vp8: 9c59270c3fd7afecdb556c50c9e8de78 -> 
  custom:audio-decoder-ogg-vorbis: bf7c407c2cedff20999df2af8eb42d56 -> 
  custom:audio-encoder-webm-vorbis: bf7c407c2cedff20999df2af8eb42d56 -> 
AssetImportWorkerClient::OnTransportError - code=2 error=End of file
